# hmmsearch :: search profile(s) against a sequence database
# HMMER 3.1b1 (May 2013); http://hmmer.org/
# Copyright (C) 2013 Howard Hughes Medical Institute.
# Freely distributed under the GNU General Public License (GPLv3).
# - - - - - - - - - - - - - - - - - - - - - - - - - - - - - - - - - - - -
# query HMM file:                  /usr/local/share/macsyfinder/profiles/cas10d_TypeID.hmm
# target sequence database:        /home/shaoting/project/mge_nestle/macsyfinder-1.0.4/data/sequence_data/datatest_gembase.fasta
# output directed to file:         /home/shaoting/project/mge_nestle/macsyfinder-1.0.4/macsyfinder-20180119_15-19-31/hmmer_results/cas10d_TypeID.search_hmm.out
# sequence reporting threshold:    E-value <= 1
# number of worker threads:        0
# - - - - - - - - - - - - - - - - - - - - - - - - - - - - - - - - - - - -

Query:       TIGR03174  [M=946]
Accession:   TIGR03174
Description: cas_Csc3: CRISPR type I-D/CYANO-associated protein Csc3/Cas10d
Scores for complete sequences (score includes all domains):
   --- full sequence ---   --- best 1 domain ---    -#dom-
    E-value  score  bias    E-value  score  bias    exp  N  Sequence Description
    ------- ------ -----    ------- ------ -----   ---- --  -------- -----------

   [No hits detected that satisfy reporting thresholds]


Domain annotation for each sequence (and alignments):

   [No targets detected that satisfy reporting thresholds]


Internal pipeline statistics summary:
-------------------------------------
Query model(s):                              1  (946 nodes)
Target sequences:                         7219  (2337224 residues searched)
Passed MSV filter:                       195  (0.0270121); expected 144.4 (0.02)
Passed bias filter:                      117  (0.0162072); expected 144.4 (0.02)
Passed Vit filter:                        11  (0.00152376); expected 7.2 (0.001)
Passed Fwd filter:                         0  (0); expected 0.1 (1e-05)
Initial search space (Z):               7219  [actual number of targets]
Domain search space  (domZ):               0  [number of targets reported over threshold]
# CPU time: 0.18u 0.00s 00:00:00.18 Elapsed: 00:00:00.18
# Mc/sec: 12283.41
//
[ok]
