# hmmsearch :: search profile(s) against a sequence database
# HMMER 3.1b1 (May 2013); http://hmmer.org/
# Copyright (C) 2013 Howard Hughes Medical Institute.
# Freely distributed under the GNU General Public License (GPLv3).
# - - - - - - - - - - - - - - - - - - - - - - - - - - - - - - - - - - - -
# query HMM file:                  /usr/local/share/macsyfinder/profiles/cmr1_TypeIIIB.hmm
# target sequence database:        /home/shaoting/project/mge_nestle/macsyfinder-1.0.4/data/sequence_data/datatest_gembase.fasta
# output directed to file:         /home/shaoting/project/mge_nestle/macsyfinder-1.0.4/macsyfinder-20180119_15-19-31/hmmer_results/cmr1_TypeIIIB.search_hmm.out
# sequence reporting threshold:    E-value <= 1
# number of worker threads:        0
# - - - - - - - - - - - - - - - - - - - - - - - - - - - - - - - - - - - -

Query:       TIGR01894  [M=167]
Accession:   TIGR01894
Description: cas_TM1795_cmr1: CRISPR type III-B/RAMP module RAMP protein Cmr1
Scores for complete sequences (score includes all domains):
   --- full sequence ---   --- best 1 domain ---    -#dom-
    E-value  score  bias    E-value  score  bias    exp  N  Sequence Description
    ------- ------ -----    ------- ------ -----   ---- --  -------- -----------

   [No hits detected that satisfy reporting thresholds]


Domain annotation for each sequence (and alignments):

   [No targets detected that satisfy reporting thresholds]


Internal pipeline statistics summary:
-------------------------------------
Query model(s):                              1  (167 nodes)
Target sequences:                         7219  (2337224 residues searched)
Passed MSV filter:                       196  (0.0271506); expected 144.4 (0.02)
Passed bias filter:                      152  (0.0210555); expected 144.4 (0.02)
Passed Vit filter:                        10  (0.00138523); expected 7.2 (0.001)
Passed Fwd filter:                         0  (0); expected 0.1 (1e-05)
Initial search space (Z):               7219  [actual number of targets]
Domain search space  (domZ):               0  [number of targets reported over threshold]
# CPU time: 0.05u 0.00s 00:00:00.05 Elapsed: 00:00:00.05
# Mc/sec: 7806.33
//
[ok]
