# hmmsearch :: search profile(s) against a sequence database
# HMMER 3.1b1 (May 2013); http://hmmer.org/
# Copyright (C) 2013 Howard Hughes Medical Institute.
# Freely distributed under the GNU General Public License (GPLv3).
# - - - - - - - - - - - - - - - - - - - - - - - - - - - - - - - - - - - -
# query HMM file:                  /usr/local/share/macsyfinder/profiles/csc1_TypeID.hmm
# target sequence database:        /home/shaoting/project/mge_nestle/macsyfinder-1.0.4/data/sequence_data/datatest_gembase.fasta
# output directed to file:         /home/shaoting/project/mge_nestle/macsyfinder-1.0.4/macsyfinder-20180119_15-19-31/hmmer_results/csc1_TypeID.search_hmm.out
# sequence reporting threshold:    E-value <= 1
# number of worker threads:        0
# - - - - - - - - - - - - - - - - - - - - - - - - - - - - - - - - - - - -

Query:       TIGR03159  [M=225]
Accession:   TIGR03159
Description: cas_Csc1: CRISPR type I-D/CYANO-associated protein Csc1
Scores for complete sequences (score includes all domains):
   --- full sequence ---   --- best 1 domain ---    -#dom-
    E-value  score  bias    E-value  score  bias    exp  N  Sequence           Description
    ------- ------ -----    ------- ------ -----   ---- --  --------           -----------
     0.0025   15.9   0.0     0.0037   15.3   0.0    1.2  1  LEPN003c01a_021830  D ATG TGA 2510213 2510965 Valid lpp2184 7


Domain annotation for each sequence (and alignments):
>> LEPN003c01a_021830  D ATG TGA 2510213 2510965 Valid lpp2184 753 _YP_124496.1_ lpp2184 1 2510213 2510965 | hypothetica
   #    score  bias  c-Evalue  i-Evalue hmmfrom  hmm to    alifrom  ali to    envfrom  env to     acc
 ---   ------ ----- --------- --------- ------- -------    ------- -------    ------- -------    ----
   1 !   15.3   0.0   5.2e-07    0.0037      20      73 ..     156     216 ..     146     231 .. 0.85

  Alignments for each domain:
  == domain 1  score: 15.3 bits;  conditional E-value: 5.2e-07
           TIGR03159  20 TeplilnlALsYAlglisgeyvdl.......kgqatqrPtYeedladlnqegiyvvPakpv 73 
                          e+l+lnlA +Y    i +++v++        +q  ++P+Y+e++ ++  +g    P ++ 
  LEPN003c01a_021830 156 LEGLFLNLAVDYSANNILSNIVRVgliktsrTEQFWKNPAYQEKVMQIIPQGTMGEPTQVA 216
                         5899********************998776666669************9999988887765 PP



Internal pipeline statistics summary:
-------------------------------------
Query model(s):                              1  (225 nodes)
Target sequences:                         7219  (2337224 residues searched)
Passed MSV filter:                       138  (0.0191162); expected 144.4 (0.02)
Passed bias filter:                       93  (0.0128827); expected 144.4 (0.02)
Passed Vit filter:                         6  (0.00083114); expected 7.2 (0.001)
Passed Fwd filter:                         1  (0.000138523); expected 0.1 (1e-05)
Initial search space (Z):               7219  [actual number of targets]
Domain search space  (domZ):               1  [number of targets reported over threshold]
# CPU time: 0.09u 0.00s 00:00:00.09 Elapsed: 00:00:00.09
# Mc/sec: 5843.06
//
[ok]
