# hmmsearch :: search profile(s) against a sequence database
# HMMER 3.1b1 (May 2013); http://hmmer.org/
# Copyright (C) 2013 Howard Hughes Medical Institute.
# Freely distributed under the GNU General Public License (GPLv3).
# - - - - - - - - - - - - - - - - - - - - - - - - - - - - - - - - - - - -
# query HMM file:                  /usr/local/share/macsyfinder/profiles/csx1u2_TypeIIIU.hmm
# target sequence database:        /home/shaoting/project/mge_nestle/macsyfinder-1.0.4/data/sequence_data/datatest_gembase.fasta
# output directed to file:         /home/shaoting/project/mge_nestle/macsyfinder-1.0.4/macsyfinder-20180119_15-19-31/hmmer_results/csx1u2_TypeIIIU.search_hmm.out
# sequence reporting threshold:    E-value <= 1
# number of worker threads:        0
# - - - - - - - - - - - - - - - - - - - - - - - - - - - - - - - - - - - -

Query:       TIGR02549  [M=21]
Accession:   TIGR02549
Description: CRISPR_DxTHG: CRISPR-associated DxTHG motif protein
Scores for complete sequences (score includes all domains):
   --- full sequence ---   --- best 1 domain ---    -#dom-
    E-value  score  bias    E-value  score  bias    exp  N  Sequence           Description
    ------- ------ -----    ------- ------ -----   ---- --  --------           -----------
  ------ inclusion threshold ------
       0.85    8.1   4.2       0.37    9.2   0.5    2.4  3  ESCO001c01a_043830  C GTG TAA 4591384 4592745 Valid yjjL 1362


Domain annotation for each sequence (and alignments):
>> ESCO001c01a_043830  C GTG TAA 4591384 4592745 Valid yjjL 1362 _b4356_NP_418776.1_ b4356 1 4591384 4592745 | putative 
   #    score  bias  c-Evalue  i-Evalue hmmfrom  hmm to    alifrom  ali to    envfrom  env to     acc
 ---   ------ ----- --------- --------- ------- -------    ------- -------    ------- -------    ----
   1 ?   -3.1   0.0      0.39   2.8e+03       9      13 ..     268     272 ..     268     272 .. 0.87
   2 ?   -3.0   0.0      0.37   2.7e+03      13      20 ..     301     308 ..     301     308 .. 0.86
   3 ?    9.2   0.5   5.1e-05      0.37       2      11 ..     413     422 ..     413     422 .. 0.93

  Alignments for each domain:
  == domain 1  score: -3.1 bits;  conditional E-value: 0.39
           TIGR02549   9 GfNfm 13 
                         G+N++
  ESCO001c01a_043830 268 GINYT 272
                         9**95 PP

  == domain 2  score: -3.0 bits;  conditional E-value: 0.37
           TIGR02549  13 mPllayea 20 
                         +P+l+ +a
  ESCO001c01a_043830 301 IPFLFGAA 308
                         7****987 PP

  == domain 3  score: 9.2 bits;  conditional E-value: 5.1e-05
           TIGR02549   2 iiLDvTHGfN 11 
                         +i+D+TH+f+
  ESCO001c01a_043830 413 FIVDTTHSFR 422
                         699******9 PP



Internal pipeline statistics summary:
-------------------------------------
Query model(s):                              1  (21 nodes)
Target sequences:                         7219  (2337224 residues searched)
Passed MSV filter:                       179  (0.0247957); expected 144.4 (0.02)
Passed bias filter:                      140  (0.0193933); expected 144.4 (0.02)
Passed Vit filter:                         4  (0.000554093); expected 7.2 (0.001)
Passed Fwd filter:                         1  (0.000138523); expected 0.1 (1e-05)
Initial search space (Z):               7219  [actual number of targets]
Domain search space  (domZ):               1  [number of targets reported over threshold]
# CPU time: 0.02u 0.00s 00:00:00.02 Elapsed: 00:00:00.03
# Mc/sec: 1636.06
//
[ok]
